<?xml version="1.0" encoding="UTF-8"?>
<!-- Generated by org.testng.reporters.JUnitReportReporter -->
<testsuite skipped="0" hostname="DR-INDHYD-035" name="Com_Ivq.Excute_IVQ" tests="1" failures="0" timestamp="20 Dec 2018 05:50:45 GMT" time="2.864" errors="0">
  <testcase name="ecCute" time="2.864" classname="Com_Ivq.Excute_IVQ"/>
</testsuite> <!-- Com_Ivq.Excute_IVQ -->
