<?xml version="1.0" encoding="UTF-8"?>
<!-- Generated by org.testng.reporters.JUnitReportReporter -->
<testsuite skipped="1" hostname="DR-INDHYD-035" name="Com_Ivq.Excute_IVQ" tests="2" failures="0" timestamp="15 Feb 2019 04:37:41 GMT" time="46.266" errors="0">
  <testcase name="createUser" time="46.266" classname="Com_Ivq.Excute_IVQ"/>
  <testcase name="ecCute" classname="Com_Ivq.Excute_IVQ">
    <skipped/>
  </testcase> <!-- ecCute -->
</testsuite> <!-- Com_Ivq.Excute_IVQ -->
